

----------------------------------------
checking for C compiler


----------------------------------------
checking for --with-ld-opt="-Wl,-Bsymbolic-functions,-z,relro -Wl,-z,now -Wl,--as-needed"


----------------------------------------
checking for -Wl,-E switch


----------------------------------------
checking for gcc builtin atomic operations


----------------------------------------
checking for C99 variadic macros


----------------------------------------
checking for gcc variadic macros


----------------------------------------
checking for gcc builtin 64 bit byteswap


----------------------------------------
checking for unistd.h


----------------------------------------
checking for inttypes.h


----------------------------------------
checking for limits.h


----------------------------------------
checking for sys/filio.h

objs/autotest.c:3:10: fatal error: 'sys/filio.h' file not found
    3 | #include <sys/filio.h>
      |          ^~~~~~~~~~~~~
1 error generated.
----------


#include <sys/filio.h>

int main(void) {
    return 0;
}

----------
/usr/bin/clang-19 -o objs/autotest objs/autotest.c
----------

----------------------------------------
checking for sys/param.h


----------------------------------------
checking for sys/mount.h


----------------------------------------
checking for sys/statvfs.h


----------------------------------------
checking for crypt.h


----------------------------------------
checking for epoll


----------------------------------------
checking for EPOLLRDHUP


----------------------------------------
checking for EPOLLEXCLUSIVE


----------------------------------------
checking for eventfd()


----------------------------------------
checking for O_PATH


----------------------------------------
checking for sendfile()


----------------------------------------
checking for sendfile64()


----------------------------------------
checking for sys/prctl.h


----------------------------------------
checking for prctl(PR_SET_DUMPABLE)


----------------------------------------
checking for prctl(PR_SET_KEEPCAPS)


----------------------------------------
checking for capabilities


----------------------------------------
checking for crypt_r()


----------------------------------------
checking for sys/vfs.h


----------------------------------------
checking for BPF sockhash


----------------------------------------
checking for SO_COOKIE


----------------------------------------
checking for UDP_SEGMENT


----------------------------------------
checking for poll()


----------------------------------------
checking for /dev/poll

objs/autotest.c:4:10: fatal error: 'sys/devpoll.h' file not found
    4 | #include <sys/devpoll.h>
      |          ^~~~~~~~~~~~~~~
1 error generated.
----------

#include <sys/types.h>
#include <unistd.h>
#include <sys/devpoll.h>

int main(void) {
    int  n, dp; struct dvpoll  dvp;
                  dp = 0;
                  dvp.dp_fds = NULL;
                  dvp.dp_nfds = 0;
                  dvp.dp_timeout = 0;
                  n = ioctl(dp, DP_POLL, &dvp);
                  if (n == -1) return 1;
    return 0;
}

----------
/usr/bin/clang-19 -pipe -O3 -ffast-math -march=native -flto=full -w -Werror=implicit-function-declaration -funsafe-math-optimizations --param=ssp-buffer-size=4 -fstack-protector-strong -fstack-clash-protection -Wformat -Werror=format-security -fcf-protection -Wdate-time -Wp,-D_FORTIFY_SOURCE=2 -fPIC -D_GNU_SOURCE -D_FILE_OFFSET_BITS=64 -o objs/autotest objs/autotest.c -Wl,-Bsymbolic-functions,-z,relro -Wl,-z,now -Wl,--as-needed
----------

----------------------------------------
checking for kqueue

objs/autotest.c:4:10: fatal error: 'sys/event.h' file not found
    4 | #include <sys/event.h>
      |          ^~~~~~~~~~~~~
1 error generated.
----------

#include <sys/types.h>
#include <unistd.h>
#include <sys/event.h>

int main(void) {
    (void) kqueue();
    return 0;
}

----------
/usr/bin/clang-19 -pipe -O3 -ffast-math -march=native -flto=full -w -Werror=implicit-function-declaration -funsafe-math-optimizations --param=ssp-buffer-size=4 -fstack-protector-strong -fstack-clash-protection -Wformat -Werror=format-security -fcf-protection -Wdate-time -Wp,-D_FORTIFY_SOURCE=2 -fPIC -D_GNU_SOURCE -D_FILE_OFFSET_BITS=64 -o objs/autotest objs/autotest.c -Wl,-Bsymbolic-functions,-z,relro -Wl,-z,now -Wl,--as-needed
----------

----------------------------------------
checking for crypt()

ld: error: undefined symbol: crypt
>>> referenced by ld-temp.o
>>>               objs/autotest.lto.o:(main)
clang-19: error: linker command failed with exit code 1 (use -v to see invocation)
----------

#include <sys/types.h>
#include <unistd.h>


int main(void) {
    crypt("test", "salt");;
    return 0;
}

----------
/usr/bin/clang-19 -pipe -O3 -ffast-math -march=native -flto=full -w -Werror=implicit-function-declaration -funsafe-math-optimizations --param=ssp-buffer-size=4 -fstack-protector-strong -fstack-clash-protection -Wformat -Werror=format-security -fcf-protection -Wdate-time -Wp,-D_FORTIFY_SOURCE=2 -fPIC -D_GNU_SOURCE -D_FILE_OFFSET_BITS=64 -o objs/autotest objs/autotest.c -Wl,-Bsymbolic-functions,-z,relro -Wl,-z,now -Wl,--as-needed
----------

----------------------------------------
checking for crypt() in libcrypt


----------------------------------------
checking for F_READAHEAD

objs/autotest.c:7:14: error: use of undeclared identifier 'F_READAHEAD'
    7 |     fcntl(0, F_READAHEAD, 1);;
      |              ^
1 error generated.
----------

#include <sys/types.h>
#include <unistd.h>
#include <fcntl.h>

int main(void) {
    fcntl(0, F_READAHEAD, 1);;
    return 0;
}

----------
/usr/bin/clang-19 -pipe -O3 -ffast-math -march=native -flto=full -w -Werror=implicit-function-declaration -funsafe-math-optimizations --param=ssp-buffer-size=4 -fstack-protector-strong -fstack-clash-protection -Wformat -Werror=format-security -fcf-protection -Wdate-time -Wp,-D_FORTIFY_SOURCE=2 -fPIC -D_GNU_SOURCE -D_FILE_OFFSET_BITS=64 -o objs/autotest objs/autotest.c -Wl,-Bsymbolic-functions,-z,relro -Wl,-z,now -Wl,--as-needed
----------

----------------------------------------
checking for posix_fadvise()


----------------------------------------
checking for O_DIRECT


----------------------------------------
checking for F_NOCACHE

objs/autotest.c:7:14: error: use of undeclared identifier 'F_NOCACHE'
    7 |     fcntl(0, F_NOCACHE, 1);;
      |              ^
1 error generated.
----------

#include <sys/types.h>
#include <unistd.h>
#include <fcntl.h>

int main(void) {
    fcntl(0, F_NOCACHE, 1);;
    return 0;
}

----------
/usr/bin/clang-19 -pipe -O3 -ffast-math -march=native -flto=full -w -Werror=implicit-function-declaration -funsafe-math-optimizations --param=ssp-buffer-size=4 -fstack-protector-strong -fstack-clash-protection -Wformat -Werror=format-security -fcf-protection -Wdate-time -Wp,-D_FORTIFY_SOURCE=2 -fPIC -D_GNU_SOURCE -D_FILE_OFFSET_BITS=64 -o objs/autotest objs/autotest.c -Wl,-Bsymbolic-functions,-z,relro -Wl,-z,now -Wl,--as-needed
----------

----------------------------------------
checking for directio()

objs/autotest.c:8:5: error: call to undeclared function 'directio'; ISO C99 and later do not support implicit function declarations [-Wimplicit-function-declaration]
    8 |     directio(0, DIRECTIO_ON);;
      |     ^
objs/autotest.c:8:17: error: use of undeclared identifier 'DIRECTIO_ON'
    8 |     directio(0, DIRECTIO_ON);;
      |                 ^
2 errors generated.
----------

#include <sys/types.h>
#include <unistd.h>
#include <sys/types.h>
                  #include <sys/fcntl.h>

int main(void) {
    directio(0, DIRECTIO_ON);;
    return 0;
}

----------
/usr/bin/clang-19 -pipe -O3 -ffast-math -march=native -flto=full -w -Werror=implicit-function-declaration -funsafe-math-optimizations --param=ssp-buffer-size=4 -fstack-protector-strong -fstack-clash-protection -Wformat -Werror=format-security -fcf-protection -Wdate-time -Wp,-D_FORTIFY_SOURCE=2 -fPIC -D_GNU_SOURCE -D_FILE_OFFSET_BITS=64 -o objs/autotest objs/autotest.c -Wl,-Bsymbolic-functions,-z,relro -Wl,-z,now -Wl,--as-needed
----------

----------------------------------------
checking for statfs()


----------------------------------------
checking for statvfs()


----------------------------------------
checking for dlopen()


----------------------------------------
checking for sched_yield()


----------------------------------------
checking for sched_setaffinity()


----------------------------------------
checking for SO_SETFIB

objs/autotest.c:7:31: error: use of undeclared identifier 'SO_SETFIB'
    7 |     setsockopt(0, SOL_SOCKET, SO_SETFIB, NULL, 0);
      |                               ^
1 error generated.
----------

#include <sys/types.h>
#include <unistd.h>
#include <sys/socket.h>

int main(void) {
    setsockopt(0, SOL_SOCKET, SO_SETFIB, NULL, 0);
    return 0;
}

----------
/usr/bin/clang-19 -pipe -O3 -ffast-math -march=native -flto=full -w -Werror=implicit-function-declaration -funsafe-math-optimizations --param=ssp-buffer-size=4 -fstack-protector-strong -fstack-clash-protection -Wformat -Werror=format-security -fcf-protection -Wdate-time -Wp,-D_FORTIFY_SOURCE=2 -fPIC -D_GNU_SOURCE -D_FILE_OFFSET_BITS=64 -o objs/autotest objs/autotest.c -Wl,-Bsymbolic-functions,-z,relro -Wl,-z,now -Wl,--as-needed
----------

----------------------------------------
checking for SO_REUSEPORT


----------------------------------------
checking for SO_ACCEPTFILTER

objs/autotest.c:7:31: error: use of undeclared identifier 'SO_ACCEPTFILTER'
    7 |     setsockopt(0, SOL_SOCKET, SO_ACCEPTFILTER, NULL, 0);
      |                               ^
1 error generated.
----------

#include <sys/types.h>
#include <unistd.h>
#include <sys/socket.h>

int main(void) {
    setsockopt(0, SOL_SOCKET, SO_ACCEPTFILTER, NULL, 0);
    return 0;
}

----------
/usr/bin/clang-19 -pipe -O3 -ffast-math -march=native -flto=full -w -Werror=implicit-function-declaration -funsafe-math-optimizations --param=ssp-buffer-size=4 -fstack-protector-strong -fstack-clash-protection -Wformat -Werror=format-security -fcf-protection -Wdate-time -Wp,-D_FORTIFY_SOURCE=2 -fPIC -D_GNU_SOURCE -D_FILE_OFFSET_BITS=64 -o objs/autotest objs/autotest.c -Wl,-Bsymbolic-functions,-z,relro -Wl,-z,now -Wl,--as-needed
----------

----------------------------------------
checking for SO_BINDANY

objs/autotest.c:7:31: error: use of undeclared identifier 'SO_BINDANY'
    7 |     setsockopt(0, SOL_SOCKET, SO_BINDANY, NULL, 0);
      |                               ^
1 error generated.
----------

#include <sys/types.h>
#include <unistd.h>
#include <sys/socket.h>

int main(void) {
    setsockopt(0, SOL_SOCKET, SO_BINDANY, NULL, 0);
    return 0;
}

----------
/usr/bin/clang-19 -pipe -O3 -ffast-math -march=native -flto=full -w -Werror=implicit-function-declaration -funsafe-math-optimizations --param=ssp-buffer-size=4 -fstack-protector-strong -fstack-clash-protection -Wformat -Werror=format-security -fcf-protection -Wdate-time -Wp,-D_FORTIFY_SOURCE=2 -fPIC -D_GNU_SOURCE -D_FILE_OFFSET_BITS=64 -o objs/autotest objs/autotest.c -Wl,-Bsymbolic-functions,-z,relro -Wl,-z,now -Wl,--as-needed
----------

----------------------------------------
checking for IP_TRANSPARENT


----------------------------------------
checking for IP_BINDANY

objs/autotest.c:8:31: error: use of undeclared identifier 'IP_BINDANY'
    8 |     setsockopt(0, IPPROTO_IP, IP_BINDANY, NULL, 0);
      |                               ^
1 error generated.
----------

#include <sys/types.h>
#include <unistd.h>
#include <sys/socket.h>
                  #include <netinet/in.h>

int main(void) {
    setsockopt(0, IPPROTO_IP, IP_BINDANY, NULL, 0);
    return 0;
}

----------
/usr/bin/clang-19 -pipe -O3 -ffast-math -march=native -flto=full -w -Werror=implicit-function-declaration -funsafe-math-optimizations --param=ssp-buffer-size=4 -fstack-protector-strong -fstack-clash-protection -Wformat -Werror=format-security -fcf-protection -Wdate-time -Wp,-D_FORTIFY_SOURCE=2 -fPIC -D_GNU_SOURCE -D_FILE_OFFSET_BITS=64 -o objs/autotest objs/autotest.c -Wl,-Bsymbolic-functions,-z,relro -Wl,-z,now -Wl,--as-needed
----------

----------------------------------------
checking for IP_BIND_ADDRESS_NO_PORT


----------------------------------------
checking for IP_RECVDSTADDR

objs/autotest.c:8:31: error: use of undeclared identifier 'IP_RECVDSTADDR'
    8 |     setsockopt(0, IPPROTO_IP, IP_RECVDSTADDR, NULL, 0);
      |                               ^
1 error generated.
----------

#include <sys/types.h>
#include <unistd.h>
#include <sys/socket.h>
                  #include <netinet/in.h>

int main(void) {
    setsockopt(0, IPPROTO_IP, IP_RECVDSTADDR, NULL, 0);
    return 0;
}

----------
/usr/bin/clang-19 -pipe -O3 -ffast-math -march=native -flto=full -w -Werror=implicit-function-declaration -funsafe-math-optimizations --param=ssp-buffer-size=4 -fstack-protector-strong -fstack-clash-protection -Wformat -Werror=format-security -fcf-protection -Wdate-time -Wp,-D_FORTIFY_SOURCE=2 -fPIC -D_GNU_SOURCE -D_FILE_OFFSET_BITS=64 -o objs/autotest objs/autotest.c -Wl,-Bsymbolic-functions,-z,relro -Wl,-z,now -Wl,--as-needed
----------

----------------------------------------
checking for IP_SENDSRCADDR

objs/autotest.c:8:31: error: use of undeclared identifier 'IP_SENDSRCADDR'
    8 |     setsockopt(0, IPPROTO_IP, IP_SENDSRCADDR, NULL, 0);
      |                               ^
1 error generated.
----------

#include <sys/types.h>
#include <unistd.h>
#include <sys/socket.h>
                  #include <netinet/in.h>

int main(void) {
    setsockopt(0, IPPROTO_IP, IP_SENDSRCADDR, NULL, 0);
    return 0;
}

----------
/usr/bin/clang-19 -pipe -O3 -ffast-math -march=native -flto=full -w -Werror=implicit-function-declaration -funsafe-math-optimizations --param=ssp-buffer-size=4 -fstack-protector-strong -fstack-clash-protection -Wformat -Werror=format-security -fcf-protection -Wdate-time -Wp,-D_FORTIFY_SOURCE=2 -fPIC -D_GNU_SOURCE -D_FILE_OFFSET_BITS=64 -o objs/autotest objs/autotest.c -Wl,-Bsymbolic-functions,-z,relro -Wl,-z,now -Wl,--as-needed
----------

----------------------------------------
checking for IP_PKTINFO


----------------------------------------
checking for IPV6_RECVPKTINFO


----------------------------------------
checking for IP_MTU_DISCOVER


----------------------------------------
checking for IPV6_MTU_DISCOVER


----------------------------------------
checking for IP_DONTFRAG

objs/autotest.c:8:31: error: use of undeclared identifier 'IP_DONTFRAG'
    8 |     setsockopt(0, IPPROTO_IP, IP_DONTFRAG, NULL, 0);
      |                               ^
1 error generated.
----------

#include <sys/types.h>
#include <unistd.h>
#include <sys/socket.h>
                  #include <netinet/in.h>

int main(void) {
    setsockopt(0, IPPROTO_IP, IP_DONTFRAG, NULL, 0);
    return 0;
}

----------
/usr/bin/clang-19 -pipe -O3 -ffast-math -march=native -flto=full -w -Werror=implicit-function-declaration -funsafe-math-optimizations --param=ssp-buffer-size=4 -fstack-protector-strong -fstack-clash-protection -Wformat -Werror=format-security -fcf-protection -Wdate-time -Wp,-D_FORTIFY_SOURCE=2 -fPIC -D_GNU_SOURCE -D_FILE_OFFSET_BITS=64 -o objs/autotest objs/autotest.c -Wl,-Bsymbolic-functions,-z,relro -Wl,-z,now -Wl,--as-needed
----------

----------------------------------------
checking for IPV6_DONTFRAG


----------------------------------------
checking for TCP_DEFER_ACCEPT


----------------------------------------
checking for TCP_KEEPIDLE


----------------------------------------
checking for TCP_FASTOPEN


----------------------------------------
checking for TCP_INFO


----------------------------------------
checking for accept4()


----------------------------------------
checking for kqueue AIO support

objs/autotest.c:8:56: error: use of undeclared identifier 'SIGEV_KEVENT'
    8 |                       iocb.aio_sigevent.sigev_notify = SIGEV_KEVENT;
      |                                                        ^
1 error generated.
----------

#include <sys/types.h>
#include <unistd.h>
#include <aio.h>

int main(void) {
    struct aiocb  iocb;
                      iocb.aio_sigevent.sigev_notify = SIGEV_KEVENT;
                      (void) aio_read(&iocb);
    return 0;
}

----------
/usr/bin/clang-19 -pipe -O3 -ffast-math -march=native -flto=full -w -Werror=implicit-function-declaration -funsafe-math-optimizations --param=ssp-buffer-size=4 -fstack-protector-strong -fstack-clash-protection -Wformat -Werror=format-security -fcf-protection -Wdate-time -Wp,-D_FORTIFY_SOURCE=2 -fPIC -D_GNU_SOURCE -D_FILE_OFFSET_BITS=64 -o objs/autotest objs/autotest.c -Wl,-Bsymbolic-functions,-z,relro -Wl,-z,now -Wl,--as-needed
----------

----------------------------------------
checking for Linux AIO support


----------------------------------------
checking for int size


----------------------------------------
checking for long size


----------------------------------------
checking for long long size


----------------------------------------
checking for void * size


----------------------------------------
checking for uint32_t


----------------------------------------
checking for uint64_t


----------------------------------------
checking for sig_atomic_t


----------------------------------------
checking for sig_atomic_t size


----------------------------------------
checking for socklen_t


----------------------------------------
checking for in_addr_t


----------------------------------------
checking for in_port_t


----------------------------------------
checking for rlim_t


----------------------------------------
checking for uintptr_t


----------------------------------------
checking for system byte ordering


----------------------------------------
checking for size_t size


----------------------------------------
checking for off_t size


----------------------------------------
checking for time_t size


----------------------------------------
checking for AF_INET6


----------------------------------------
checking for setproctitle()

objs/autotest.c:7:5: error: call to undeclared function 'setproctitle'; ISO C99 and later do not support implicit function declarations [-Wimplicit-function-declaration]
    7 |     setproctitle("test");;
      |     ^
1 error generated.
----------

#include <sys/types.h>
#include <unistd.h>
#include <stdlib.h>

int main(void) {
    setproctitle("test");;
    return 0;
}

----------
/usr/bin/clang-19 -pipe -O3 -ffast-math -march=native -flto=full -w -Werror=implicit-function-declaration -funsafe-math-optimizations --param=ssp-buffer-size=4 -fstack-protector-strong -fstack-clash-protection -Wformat -Werror=format-security -fcf-protection -Wdate-time -Wp,-D_FORTIFY_SOURCE=2 -fPIC -D_GNU_SOURCE -D_FILE_OFFSET_BITS=64 -o objs/autotest objs/autotest.c -Wl,-Bsymbolic-functions,-z,relro -Wl,-z,now -Wl,--as-needed
----------

----------------------------------------
checking for pread()


----------------------------------------
checking for pwrite()


----------------------------------------
checking for pwritev()


----------------------------------------
checking for strerrordesc_np()


----------------------------------------
checking for localtime_r()


----------------------------------------
checking for clock_gettime(CLOCK_MONOTONIC)


----------------------------------------
checking for posix_memalign()


----------------------------------------
checking for memalign()


----------------------------------------
checking for mmap(MAP_ANON|MAP_SHARED)


----------------------------------------
checking for mmap("/dev/zero", MAP_SHARED)


----------------------------------------
checking for System V shared memory


----------------------------------------
checking for POSIX semaphores


----------------------------------------
checking for struct msghdr.msg_control


----------------------------------------
checking for ioctl(FIONBIO)


----------------------------------------
checking for ioctl(FIONREAD)


----------------------------------------
checking for struct tm.tm_gmtoff


----------------------------------------
checking for struct dirent.d_namlen

objs/autotest.c:8:29: error: no member named 'd_namlen' in 'struct dirent'; did you mean 'd_reclen'?
    8 |     struct dirent  dir; dir.d_namlen = 0;
      |                             ^~~~~~~~
      |                             d_reclen
/usr/include/x86_64-linux-gnu/bits/dirent.h:31:24: note: 'd_reclen' declared here
   31 |     unsigned short int d_reclen;
      |                        ^
objs/autotest.c:9:42: error: no member named 'd_namlen' in 'struct dirent'; did you mean 'd_name'?
    9 |                   printf("%d", (int) dir.d_namlen);
      |                                          ^~~~~~~~
      |                                          d_name
/usr/include/x86_64-linux-gnu/bits/dirent.h:33:10: note: 'd_name' declared here
   33 |     char d_name[256];           /* We must not include limits.h! */
      |          ^
2 errors generated.
----------

#include <sys/types.h>
#include <unistd.h>
#include <dirent.h>
                  #include <stdio.h>

int main(void) {
    struct dirent  dir; dir.d_namlen = 0;
                  printf("%d", (int) dir.d_namlen);
    return 0;
}

----------
/usr/bin/clang-19 -pipe -O3 -ffast-math -march=native -flto=full -w -Werror=implicit-function-declaration -funsafe-math-optimizations --param=ssp-buffer-size=4 -fstack-protector-strong -fstack-clash-protection -Wformat -Werror=format-security -fcf-protection -Wdate-time -Wp,-D_FORTIFY_SOURCE=2 -fPIC -D_GNU_SOURCE -D_FILE_OFFSET_BITS=64 -o objs/autotest objs/autotest.c -Wl,-Bsymbolic-functions,-z,relro -Wl,-z,now -Wl,--as-needed
----------

----------------------------------------
checking for struct dirent.d_type


----------------------------------------
checking for sysconf(_SC_NPROCESSORS_ONLN)


----------------------------------------
checking for sysconf(_SC_LEVEL1_DCACHE_LINESIZE)


----------------------------------------
checking for openat(), fstatat()


----------------------------------------
checking for getaddrinfo()


----------------------------------------
checking for LuaJIT library in /usr/share/luajit-2.1/jit and /usr/include/luajit-2.1/ (specified by the LUAJIT_LIB and LUAJIT_INC env, with -ldl)


----------------------------------------
checking for LuaJIT 2.x


----------------------------------------
checking for Lua language 5.1


----------------------------------------
checking for LuaJIT has FFI


----------------------------------------
checking for export symbols by default (-E)


----------------------------------------
checking for export symbols by default (--export-all-symbols)

ld: error: unknown argument '--export-all-symbols'
clang-19: error: linker command failed with exit code 1 (use -v to see invocation)
----------

#include <sys/types.h>
#include <unistd.h>
#include <stdio.h>

int main(void) {
    printf("hello");;
    return 0;
}

----------
/usr/bin/clang-19 -pipe -O3 -ffast-math -march=native -flto=full -w -Werror=implicit-function-declaration -funsafe-math-optimizations --param=ssp-buffer-size=4 -fstack-protector-strong -fstack-clash-protection -Wformat -Werror=format-security -fcf-protection -Wdate-time -Wp,-D_FORTIFY_SOURCE=2 -fPIC -D_GNU_SOURCE -D_FILE_OFFSET_BITS=64 -o objs/autotest objs/autotest.c -Wl,-Bsymbolic-functions,-z,relro -Wl,-z,now -Wl,--as-needed -Wl,--export-all-symbols
----------

----------------------------------------
checking for SO_PASSCRED


----------------------------------------
checking for SA_RESTART


----------------------------------------
checking for malloc_trim

0
----------------------------------------
checking for pipe2


----------------------------------------
checking for signalfd


----------------------------------------
checking for execvpe


----------------------------------------
checking for ModSecurity library


----------------------------------------
checking for hiredis with stored sockaddr

objs/autotest.c:4:13: fatal error: 'hiredis/hiredis.h' file not found
    4 |    #include <hiredis/hiredis.h>
      |             ^~~~~~~~~~~~~~~~~~~
1 error generated.
----------

#include <sys/types.h>
#include <unistd.h>
   #include <hiredis/hiredis.h>
  #include <sys/socket.h>


int main(void) {
       redisContext c;   if(HIREDIS_SONAME < 0.13) { return 1; }   if(sizeof(c.sockaddr) != sizeof(struct sockaddr)) { return 1;} ;
    return 0;
}

----------
/usr/bin/clang-19 -pipe -O3 -ffast-math -march=native -flto=full -w -Werror=implicit-function-declaration -funsafe-math-optimizations --param=ssp-buffer-size=4 -fstack-protector-strong -fstack-clash-protection -Wformat -Werror=format-security -fcf-protection -Wdate-time -Wp,-D_FORTIFY_SOURCE=2 -fPIC -D_GNU_SOURCE -D_FILE_OFFSET_BITS=64 -o objs/autotest objs/autotest.c -Wl,-Bsymbolic-functions,-z,relro -Wl,-z,now -Wl,--as-needed -lhiredis
----------

----------------------------------------
checking for math lib


----------------------------------------
checking for memrchr()


----------------------------------------
checking for MaxmindDB library


----------------------------------------
checking for QuickJS library -lquickjs.lto

objs/autotest.c:9:32: fatal error: 'quickjs.h' file not found
    9 |                       #include <quickjs.h>
      |                                ^~~~~~~~~~~
1 error generated.
----------

#include <sys/types.h>
#include <unistd.h>
#if defined(__GNUC__) && (__GNUC__ >= 8)
                      #pragma GCC diagnostic push
                      #pragma GCC diagnostic ignored "-Wcast-function-type"
                      #endif

                      #include <quickjs.h>

int main(void) {
    JSRuntime *rt;

                      rt = JS_NewRuntime();
                      (void) JS_GetClassID;
                      JS_FreeRuntime(rt);
                      return 0;;
    return 0;
}

----------
/usr/bin/clang-19 -pipe -O3 -ffast-math -march=native -flto=full -w -Werror=implicit-function-declaration -funsafe-math-optimizations --param=ssp-buffer-size=4 -fstack-protector-strong -fstack-clash-protection -Wformat -Werror=format-security -fcf-protection -Wdate-time -Wp,-D_FORTIFY_SOURCE=2 -fPIC -D_GNU_SOURCE -D_FILE_OFFSET_BITS=64 -o objs/autotest objs/autotest.c -Wl,-Bsymbolic-functions,-z,relro -Wl,-z,now -Wl,--as-needed -lquickjs.lto -lm -ldl -lpthread
----------

----------------------------------------
checking for QuickJS library -lquickjs

objs/autotest.c:9:32: fatal error: 'quickjs.h' file not found
    9 |                       #include <quickjs.h>
      |                                ^~~~~~~~~~~
1 error generated.
----------

#include <sys/types.h>
#include <unistd.h>
#if defined(__GNUC__) && (__GNUC__ >= 8)
                      #pragma GCC diagnostic push
                      #pragma GCC diagnostic ignored "-Wcast-function-type"
                      #endif

                      #include <quickjs.h>

int main(void) {
    JSRuntime *rt;

                      rt = JS_NewRuntime();
                      (void) JS_GetClassID;
                      JS_FreeRuntime(rt);
                      return 0;;
    return 0;
}

----------
/usr/bin/clang-19 -pipe -O3 -ffast-math -march=native -flto=full -w -Werror=implicit-function-declaration -funsafe-math-optimizations --param=ssp-buffer-size=4 -fstack-protector-strong -fstack-clash-protection -Wformat -Werror=format-security -fcf-protection -Wdate-time -Wp,-D_FORTIFY_SOURCE=2 -fPIC -D_GNU_SOURCE -D_FILE_OFFSET_BITS=64 -o objs/autotest objs/autotest.c -Wl,-Bsymbolic-functions,-z,relro -Wl,-z,now -Wl,--as-needed -lquickjs -lm -ldl -lpthread
----------

----------------------------------------
checking for QuickJS library -I/usr/include/quickjs/ -L/usr/lib/quickjs/ -lquickjs.lto

objs/autotest.c:15:30: error: use of undeclared identifier 'JS_GetClassID'
   15 |                       (void) JS_GetClassID;
      |                              ^
1 error generated.
----------

#include <sys/types.h>
#include <unistd.h>
#if defined(__GNUC__) && (__GNUC__ >= 8)
                      #pragma GCC diagnostic push
                      #pragma GCC diagnostic ignored "-Wcast-function-type"
                      #endif

                      #include <quickjs.h>

int main(void) {
    JSRuntime *rt;

                      rt = JS_NewRuntime();
                      (void) JS_GetClassID;
                      JS_FreeRuntime(rt);
                      return 0;;
    return 0;
}

----------
/usr/bin/clang-19 -pipe -O3 -ffast-math -march=native -flto=full -w -Werror=implicit-function-declaration -funsafe-math-optimizations --param=ssp-buffer-size=4 -fstack-protector-strong -fstack-clash-protection -Wformat -Werror=format-security -fcf-protection -Wdate-time -Wp,-D_FORTIFY_SOURCE=2 -fPIC -D_GNU_SOURCE -D_FILE_OFFSET_BITS=64 -I /usr/include/quickjs/ -o objs/autotest objs/autotest.c -Wl,-Bsymbolic-functions,-z,relro -Wl,-z,now -Wl,--as-needed -L/usr/lib/quickjs/ -lquickjs.lto -lm -ldl -lpthread
----------

----------------------------------------
checking for QuickJS library -I/usr/include/quickjs/ -L/usr/lib/quickjs/ -lquickjs

objs/autotest.c:15:30: error: use of undeclared identifier 'JS_GetClassID'
   15 |                       (void) JS_GetClassID;
      |                              ^
1 error generated.
----------

#include <sys/types.h>
#include <unistd.h>
#if defined(__GNUC__) && (__GNUC__ >= 8)
                      #pragma GCC diagnostic push
                      #pragma GCC diagnostic ignored "-Wcast-function-type"
                      #endif

                      #include <quickjs.h>

int main(void) {
    JSRuntime *rt;

                      rt = JS_NewRuntime();
                      (void) JS_GetClassID;
                      JS_FreeRuntime(rt);
                      return 0;;
    return 0;
}

----------
/usr/bin/clang-19 -pipe -O3 -ffast-math -march=native -flto=full -w -Werror=implicit-function-declaration -funsafe-math-optimizations --param=ssp-buffer-size=4 -fstack-protector-strong -fstack-clash-protection -Wformat -Werror=format-security -fcf-protection -Wdate-time -Wp,-D_FORTIFY_SOURCE=2 -fPIC -D_GNU_SOURCE -D_FILE_OFFSET_BITS=64 -I /usr/include/quickjs/ -o objs/autotest objs/autotest.c -Wl,-Bsymbolic-functions,-z,relro -Wl,-z,now -Wl,--as-needed -L/usr/lib/quickjs/ -lquickjs -lm -ldl -lpthread
----------

----------------------------------------
checking for PCRE2 library


----------------------------------------
checking for zlib library


----------------------------------------
checking for libxslt


----------------------------------------
checking for libexslt


----------------------------------------
checking for GD library


----------------------------------------
checking for GD WebP support


----------------------------------------
checking for GeoIP library


----------------------------------------
checking for GeoIP IPv6 support

